<?xml version="1.0" encoding="UTF-8"?>
<testsuite name="RecipesApplicationTest" tests="1" skipped="0" failures="0" errors="0" timestamp="2022-06-18T12:54:32" hostname="MARVIN" time="5.415">
  <properties/>
  <testcase name="start" classname="RecipesApplicationTest" time="5.415"/>
  <system-out><![CDATA[?[1;31m
Start test 1?[0m

  .   ____          _            __ _ _
 /\\ / ___'_ __ _ _(_)_ __  __ _ \ \ \ \
( ( )\___ | '_ | '_| | '_ \/ _` | \ \ \ \
 \\/  ___)| |_)| | | | | || (_| |  ) ) ) )
  '  |____| .__|_| |_|_| |_\__, | / / / /
 =========|_|==============|___/=/_/_/_/
 :: Spring Boot ::                (v2.5.6)

2022-06-18 14:54:33.581  INFO 18652 --- [    Test worker] recipes.RecipesApplication               : Starting RecipesApplication using Java 17.0.1 on Marvin with PID 18652 (started by Marvin in C:\Users\Marvin\Desktop\zadnji\Recipes\task)
2022-06-18 14:54:33.587  INFO 18652 --- [    Test worker] recipes.RecipesApplication               : No active profile set, falling back to default profiles: default
2022-06-18 14:54:35.768  INFO 18652 --- [    Test worker] o.s.b.w.embedded.tomcat.TomcatWebServer  : Tomcat initialized with port(s): 8881 (http)
2022-06-18 14:54:35.786  INFO 18652 --- [    Test worker] o.apache.catalina.core.StandardService   : Starting service [Tomcat]
2022-06-18 14:54:35.787  INFO 18652 --- [    Test worker] org.apache.catalina.core.StandardEngine  : Starting Servlet engine: [Apache Tomcat/9.0.54]
2022-06-18 14:54:35.935  INFO 18652 --- [    Test worker] o.a.c.c.C.[Tomcat].[localhost].[/]       : Initializing Spring embedded WebApplicationContext
2022-06-18 14:54:35.936  INFO 18652 --- [    Test worker] w.s.c.ServletWebServerApplicationContext : Root WebApplicationContext: initialization completed in 2262 ms
2022-06-18 14:54:37.008  INFO 18652 --- [    Test worker] o.s.b.a.e.web.EndpointLinksResolver      : Exposing 14 endpoint(s) beneath base path '/actuator'
2022-06-18 14:54:37.069  INFO 18652 --- [    Test worker] o.s.b.w.embedded.tomcat.TomcatWebServer  : Tomcat started on port(s): 8881 (http) with context path ''
2022-06-18 14:54:37.089  INFO 18652 --- [    Test worker] recipes.RecipesApplication               : Started RecipesApplication in 4.152 seconds (JVM running for 5.422)
2022-06-18 14:54:37.605  INFO 18652 --- [nio-8881-exec-1] o.a.c.c.C.[Tomcat].[localhost].[/]       : Initializing Spring DispatcherServlet 'dispatcherServlet'
2022-06-18 14:54:37.605  INFO 18652 --- [nio-8881-exec-1] o.s.web.servlet.DispatcherServlet        : Initializing Servlet 'dispatcherServlet'
2022-06-18 14:54:37.607  INFO 18652 --- [nio-8881-exec-1] o.s.web.servlet.DispatcherServlet        : Completed initialization in 1 ms
?[1;31m
Start test 2?[0m
?[1;31m
Start test 3?[0m
?[1;31m
Start test 4?[0m
?[1;31m
Start test 5?[0m
]]></system-out>
  <system-err><![CDATA[]]></system-err>
</testsuite>
