<?xml version="1.0" encoding="UTF-8"?>
<testsuite name="RecipesApplicationTest" tests="1" skipped="0" failures="0" errors="0" timestamp="2022-06-23T07:42:24" hostname="MARVIN" time="13.404">
  <properties/>
  <testcase name="start" classname="RecipesApplicationTest" time="13.404"/>
  <system-out><![CDATA[?[1;31m
Start test 1?[0m

  .   ____          _            __ _ _
 /\\ / ___'_ __ _ _(_)_ __  __ _ \ \ \ \
( ( )\___ | '_ | '_| | '_ \/ _` | \ \ \ \
 \\/  ___)| |_)| | | | | || (_| |  ) ) ) )
  '  |____| .__|_| |_|_| |_\__, | / / / /
 =========|_|==============|___/=/_/_/_/
 :: Spring Boot ::                (v2.5.6)

2022-06-23 09:42:25.919  INFO 21200 --- [    Test worker] recipes.RecipesApplication               : Starting RecipesApplication using Java 17.0.1 on Marvin with PID 21200 (started by Marvin in C:\Users\Marvin\Desktop\zadnji\Recipes\task)
2022-06-23 09:42:25.924  INFO 21200 --- [    Test worker] recipes.RecipesApplication               : No active profile set, falling back to default profiles: default
2022-06-23 09:42:27.700  INFO 21200 --- [    Test worker] .s.d.r.c.RepositoryConfigurationDelegate : Bootstrapping Spring Data JPA repositories in DEFAULT mode.
2022-06-23 09:42:27.800  INFO 21200 --- [    Test worker] .s.d.r.c.RepositoryConfigurationDelegate : Finished Spring Data repository scanning in 84 ms. Found 1 JPA repository interfaces.
2022-06-23 09:42:28.778  INFO 21200 --- [    Test worker] o.s.b.w.embedded.tomcat.TomcatWebServer  : Tomcat initialized with port(s): 8881 (http)
2022-06-23 09:42:28.796  INFO 21200 --- [    Test worker] o.apache.catalina.core.StandardService   : Starting service [Tomcat]
2022-06-23 09:42:28.797  INFO 21200 --- [    Test worker] org.apache.catalina.core.StandardEngine  : Starting Servlet engine: [Apache Tomcat/9.0.54]
2022-06-23 09:42:29.010  INFO 21200 --- [    Test worker] o.a.c.c.C.[Tomcat].[localhost].[/]       : Initializing Spring embedded WebApplicationContext
2022-06-23 09:42:29.010  INFO 21200 --- [    Test worker] w.s.c.ServletWebServerApplicationContext : Root WebApplicationContext: initialization completed in 3000 ms
2022-06-23 09:42:29.220  INFO 21200 --- [    Test worker] com.zaxxer.hikari.HikariDataSource       : HikariPool-1 - Starting...
2022-06-23 09:42:29.616  INFO 21200 --- [    Test worker] com.zaxxer.hikari.HikariDataSource       : HikariPool-1 - Start completed.
2022-06-23 09:42:29.629  INFO 21200 --- [    Test worker] o.s.b.a.h2.H2ConsoleAutoConfiguration    : H2 console available at '/h2-console'. Database available at 'jdbc:h2:file:../recipes_db'
2022-06-23 09:42:29.909  INFO 21200 --- [    Test worker] o.hibernate.jpa.internal.util.LogHelper  : HHH000204: Processing PersistenceUnitInfo [name: default]
2022-06-23 09:42:30.029  INFO 21200 --- [    Test worker] org.hibernate.Version                    : HHH000412: Hibernate ORM core version 5.4.32.Final
2022-06-23 09:42:30.344  INFO 21200 --- [    Test worker] o.hibernate.annotations.common.Version   : HCANN000001: Hibernate Commons Annotations {5.1.2.Final}
2022-06-23 09:42:30.574  INFO 21200 --- [    Test worker] org.hibernate.dialect.Dialect            : HHH000400: Using dialect: org.hibernate.dialect.H2Dialect
Hibernate: create table recipe (id bigint generated by default as identity, category varchar(255), date timestamp, description varchar(255), name varchar(255), primary key (id))
Hibernate: create table recipe_directions (recipe_id bigint not null, directions varchar(255))
Hibernate: create table recipe_ingredients (recipe_id bigint not null, ingredients varchar(255))
Hibernate: alter table recipe_directions add constraint FKkopnyxdjmwwlt5vlvw4rd28gy foreign key (recipe_id) references recipe
Hibernate: alter table recipe_ingredients add constraint FKhnsmvxdlwxqq6x2wbgnoef5gr foreign key (recipe_id) references recipe
2022-06-23 09:42:31.927  INFO 21200 --- [    Test worker] o.h.e.t.j.p.i.JtaPlatformInitiator       : HHH000490: Using JtaPlatform implementation: [org.hibernate.engine.transaction.jta.platform.internal.NoJtaPlatform]
2022-06-23 09:42:31.946  INFO 21200 --- [    Test worker] j.LocalContainerEntityManagerFactoryBean : Initialized JPA EntityManagerFactory for persistence unit 'default'
2022-06-23 09:42:32.669  WARN 21200 --- [    Test worker] JpaBaseConfiguration$JpaWebConfiguration : spring.jpa.open-in-view is enabled by default. Therefore, database queries may be performed during view rendering. Explicitly configure spring.jpa.open-in-view to disable this warning
2022-06-23 09:42:33.519  INFO 21200 --- [    Test worker] o.s.b.a.e.web.EndpointLinksResolver      : Exposing 14 endpoint(s) beneath base path '/actuator'
2022-06-23 09:42:33.584  INFO 21200 --- [    Test worker] o.s.b.w.embedded.tomcat.TomcatWebServer  : Tomcat started on port(s): 8881 (http) with context path ''
2022-06-23 09:42:33.604  INFO 21200 --- [    Test worker] recipes.RecipesApplication               : Started RecipesApplication in 8.352 seconds (JVM running for 9.786)
2022-06-23 09:42:34.105  INFO 21200 --- [nio-8881-exec-1] o.a.c.c.C.[Tomcat].[localhost].[/]       : Initializing Spring DispatcherServlet 'dispatcherServlet'
2022-06-23 09:42:34.105  INFO 21200 --- [nio-8881-exec-1] o.s.web.servlet.DispatcherServlet        : Initializing Servlet 'dispatcherServlet'
2022-06-23 09:42:34.107  INFO 21200 --- [nio-8881-exec-1] o.s.web.servlet.DispatcherServlet        : Completed initialization in 2 ms
Hibernate: insert into recipe (id, category, date, description, name) values (null, ?, ?, ?, ?)
Hibernate: insert into recipe_directions (recipe_id, directions) values (?, ?)
Hibernate: insert into recipe_directions (recipe_id, directions) values (?, ?)
Hibernate: insert into recipe_directions (recipe_id, directions) values (?, ?)
Hibernate: insert into recipe_directions (recipe_id, directions) values (?, ?)
Hibernate: insert into recipe_directions (recipe_id, directions) values (?, ?)
Hibernate: insert into recipe_ingredients (recipe_id, ingredients) values (?, ?)
Hibernate: insert into recipe_ingredients (recipe_id, ingredients) values (?, ?)
Hibernate: insert into recipe_ingredients (recipe_id, ingredients) values (?, ?)
?[1;31m
Start test 2?[0m
Hibernate: insert into recipe (id, category, date, description, name) values (null, ?, ?, ?, ?)
Hibernate: insert into recipe_directions (recipe_id, directions) values (?, ?)
Hibernate: insert into recipe_directions (recipe_id, directions) values (?, ?)
Hibernate: insert into recipe_directions (recipe_id, directions) values (?, ?)
Hibernate: insert into recipe_ingredients (recipe_id, ingredients) values (?, ?)
Hibernate: insert into recipe_ingredients (recipe_id, ingredients) values (?, ?)
Hibernate: insert into recipe_ingredients (recipe_id, ingredients) values (?, ?)
?[1;31m
Start test 3?[0m
Hibernate: select recipe0_.id as id1_0_0_, recipe0_.category as category2_0_0_, recipe0_.date as date3_0_0_, recipe0_.description as descript4_0_0_, recipe0_.name as name5_0_0_ from recipe recipe0_ where recipe0_.id=?
Hibernate: select ingredient0_.recipe_id as recipe_i1_2_0_, ingredient0_.ingredients as ingredie2_2_0_ from recipe_ingredients ingredient0_ where ingredient0_.recipe_id=?
Hibernate: select directions0_.recipe_id as recipe_i1_1_0_, directions0_.directions as directio2_1_0_ from recipe_directions directions0_ where directions0_.recipe_id=?
?[1;31m
Start test 4?[0m
Hibernate: select recipe0_.id as id1_0_0_, recipe0_.category as category2_0_0_, recipe0_.date as date3_0_0_, recipe0_.description as descript4_0_0_, recipe0_.name as name5_0_0_ from recipe recipe0_ where recipe0_.id=?
Hibernate: select ingredient0_.recipe_id as recipe_i1_2_0_, ingredient0_.ingredients as ingredie2_2_0_ from recipe_ingredients ingredient0_ where ingredient0_.recipe_id=?
Hibernate: select directions0_.recipe_id as recipe_i1_1_0_, directions0_.directions as directio2_1_0_ from recipe_directions directions0_ where directions0_.recipe_id=?
?[1;31m
Start test 5?[0m
2022-06-23 09:42:35.243  INFO 21200 --- [       Thread-5] j.LocalContainerEntityManagerFactoryBean : Closing JPA EntityManagerFactory for persistence unit 'default'
2022-06-23 09:42:35.246  INFO 21200 --- [       Thread-5] com.zaxxer.hikari.HikariDataSource       : HikariPool-1 - Shutdown initiated...
2022-06-23 09:42:35.271  INFO 21200 --- [       Thread-5] com.zaxxer.hikari.HikariDataSource       : HikariPool-1 - Shutdown completed.

  .   ____          _            __ _ _
 /\\ / ___'_ __ _ _(_)_ __  __ _ \ \ \ \
( ( )\___ | '_ | '_| | '_ \/ _` | \ \ \ \
 \\/  ___)| |_)| | | | | || (_| |  ) ) ) )
  '  |____| .__|_| |_|_| |_\__, | / / / /
 =========|_|==============|___/=/_/_/_/
 :: Spring Boot ::                (v2.5.6)

2022-06-23 09:42:35.398  INFO 21200 --- [    Test worker] recipes.RecipesApplication               : Starting RecipesApplication using Java 17.0.1 on Marvin with PID 21200 (started by Marvin in C:\Users\Marvin\Desktop\zadnji\Recipes\task)
2022-06-23 09:42:35.399  INFO 21200 --- [    Test worker] recipes.RecipesApplication               : No active profile set, falling back to default profiles: default
2022-06-23 09:42:35.987  INFO 21200 --- [    Test worker] .s.d.r.c.RepositoryConfigurationDelegate : Bootstrapping Spring Data JPA repositories in DEFAULT mode.
2022-06-23 09:42:36.004  INFO 21200 --- [    Test worker] .s.d.r.c.RepositoryConfigurationDelegate : Finished Spring Data repository scanning in 15 ms. Found 1 JPA repository interfaces.
2022-06-23 09:42:36.168  INFO 21200 --- [    Test worker] o.s.b.w.embedded.tomcat.TomcatWebServer  : Tomcat initialized with port(s): 8881 (http)
2022-06-23 09:42:36.169  INFO 21200 --- [    Test worker] o.apache.catalina.core.StandardService   : Starting service [Tomcat]
2022-06-23 09:42:36.169  INFO 21200 --- [    Test worker] org.apache.catalina.core.StandardEngine  : Starting Servlet engine: [Apache Tomcat/9.0.54]
2022-06-23 09:42:36.248  INFO 21200 --- [    Test worker] o.a.c.c.C.[Tomcat].[localhost].[/]       : Initializing Spring embedded WebApplicationContext
2022-06-23 09:42:36.248  INFO 21200 --- [    Test worker] w.s.c.ServletWebServerApplicationContext : Root WebApplicationContext: initialization completed in 845 ms
2022-06-23 09:42:36.297  INFO 21200 --- [    Test worker] com.zaxxer.hikari.HikariDataSource       : HikariPool-2 - Starting...
2022-06-23 09:42:36.318  INFO 21200 --- [    Test worker] com.zaxxer.hikari.HikariDataSource       : HikariPool-2 - Start completed.
2022-06-23 09:42:36.318  INFO 21200 --- [    Test worker] o.s.b.a.h2.H2ConsoleAutoConfiguration    : H2 console available at '/h2-console'. Database available at 'jdbc:h2:file:../recipes_db'
2022-06-23 09:42:36.372  INFO 21200 --- [    Test worker] o.hibernate.jpa.internal.util.LogHelper  : HHH000204: Processing PersistenceUnitInfo [name: default]
2022-06-23 09:42:36.387  INFO 21200 --- [    Test worker] org.hibernate.dialect.Dialect            : HHH000400: Using dialect: org.hibernate.dialect.H2Dialect
2022-06-23 09:42:36.522  INFO 21200 --- [    Test worker] o.h.e.t.j.p.i.JtaPlatformInitiator       : HHH000490: Using JtaPlatform implementation: [org.hibernate.engine.transaction.jta.platform.internal.NoJtaPlatform]
2022-06-23 09:42:36.524  INFO 21200 --- [    Test worker] j.LocalContainerEntityManagerFactoryBean : Initialized JPA EntityManagerFactory for persistence unit 'default'
2022-06-23 09:42:36.649  WARN 21200 --- [    Test worker] JpaBaseConfiguration$JpaWebConfiguration : spring.jpa.open-in-view is enabled by default. Therefore, database queries may be performed during view rendering. Explicitly configure spring.jpa.open-in-view to disable this warning
2022-06-23 09:42:36.927  INFO 21200 --- [    Test worker] o.s.b.a.e.web.EndpointLinksResolver      : Exposing 14 endpoint(s) beneath base path '/actuator'
2022-06-23 09:42:36.949  INFO 21200 --- [    Test worker] o.s.b.w.embedded.tomcat.TomcatWebServer  : Tomcat started on port(s): 8881 (http) with context path ''
2022-06-23 09:42:36.957  INFO 21200 --- [    Test worker] recipes.RecipesApplication               : Started RecipesApplication in 1.608 seconds (JVM running for 13.139)
?[1;31m
Start test 6?[0m
2022-06-23 09:42:36.967  INFO 21200 --- [nio-8881-exec-1] o.a.c.c.C.[Tomcat].[localhost].[/]       : Initializing Spring DispatcherServlet 'dispatcherServlet'
2022-06-23 09:42:36.967  INFO 21200 --- [nio-8881-exec-1] o.s.web.servlet.DispatcherServlet        : Initializing Servlet 'dispatcherServlet'
2022-06-23 09:42:36.969  INFO 21200 --- [nio-8881-exec-1] o.s.web.servlet.DispatcherServlet        : Completed initialization in 1 ms
Hibernate: select recipe0_.id as id1_0_0_, recipe0_.category as category2_0_0_, recipe0_.date as date3_0_0_, recipe0_.description as descript4_0_0_, recipe0_.name as name5_0_0_ from recipe recipe0_ where recipe0_.id=?
Hibernate: select ingredient0_.recipe_id as recipe_i1_2_0_, ingredient0_.ingredients as ingredie2_2_0_ from recipe_ingredients ingredient0_ where ingredient0_.recipe_id=?
Hibernate: select directions0_.recipe_id as recipe_i1_1_0_, directions0_.directions as directio2_1_0_ from recipe_directions directions0_ where directions0_.recipe_id=?
?[1;31m
Start test 7?[0m
Hibernate: select recipe0_.id as id1_0_0_, recipe0_.category as category2_0_0_, recipe0_.date as date3_0_0_, recipe0_.description as descript4_0_0_, recipe0_.name as name5_0_0_ from recipe recipe0_ where recipe0_.id=?
Hibernate: select ingredient0_.recipe_id as recipe_i1_2_0_, ingredient0_.ingredients as ingredie2_2_0_ from recipe_ingredients ingredient0_ where ingredient0_.recipe_id=?
Hibernate: select directions0_.recipe_id as recipe_i1_1_0_, directions0_.directions as directio2_1_0_ from recipe_directions directions0_ where directions0_.recipe_id=?
?[1;31m
Start test 8?[0m
Hibernate: select recipe0_.id as id1_0_0_, recipe0_.category as category2_0_0_, recipe0_.date as date3_0_0_, recipe0_.description as descript4_0_0_, recipe0_.name as name5_0_0_ from recipe recipe0_ where recipe0_.id=?
Hibernate: select directions0_.recipe_id as recipe_i1_1_0_, directions0_.directions as directio2_1_0_ from recipe_directions directions0_ where directions0_.recipe_id=?
Hibernate: select ingredient0_.recipe_id as recipe_i1_2_0_, ingredient0_.ingredients as ingredie2_2_0_ from recipe_ingredients ingredient0_ where ingredient0_.recipe_id=?
Hibernate: update recipe set category=?, date=?, description=?, name=? where id=?
Hibernate: delete from recipe_directions where recipe_id=?
Hibernate: insert into recipe_directions (recipe_id, directions) values (?, ?)
Hibernate: insert into recipe_directions (recipe_id, directions) values (?, ?)
Hibernate: insert into recipe_directions (recipe_id, directions) values (?, ?)
Hibernate: delete from recipe_ingredients where recipe_id=?
Hibernate: insert into recipe_ingredients (recipe_id, ingredients) values (?, ?)
Hibernate: insert into recipe_ingredients (recipe_id, ingredients) values (?, ?)
Hibernate: insert into recipe_ingredients (recipe_id, ingredients) values (?, ?)
?[1;31m
Start test 9?[0m
Hibernate: select recipe0_.id as id1_0_0_, recipe0_.category as category2_0_0_, recipe0_.date as date3_0_0_, recipe0_.description as descript4_0_0_, recipe0_.name as name5_0_0_ from recipe recipe0_ where recipe0_.id=?
Hibernate: select ingredient0_.recipe_id as recipe_i1_2_0_, ingredient0_.ingredients as ingredie2_2_0_ from recipe_ingredients ingredient0_ where ingredient0_.recipe_id=?
Hibernate: select directions0_.recipe_id as recipe_i1_1_0_, directions0_.directions as directio2_1_0_ from recipe_directions directions0_ where directions0_.recipe_id=?
?[1;31m
Start test 10?[0m
Hibernate: select recipe0_.id as id1_0_0_, recipe0_.category as category2_0_0_, recipe0_.date as date3_0_0_, recipe0_.description as descript4_0_0_, recipe0_.name as name5_0_0_ from recipe recipe0_ where recipe0_.id=?
Hibernate: delete from recipe_directions where recipe_id=?
Hibernate: delete from recipe_ingredients where recipe_id=?
Hibernate: delete from recipe where id=?
?[1;31m
Start test 11?[0m
Hibernate: select recipe0_.id as id1_0_0_, recipe0_.category as category2_0_0_, recipe0_.date as date3_0_0_, recipe0_.description as descript4_0_0_, recipe0_.name as name5_0_0_ from recipe recipe0_ where recipe0_.id=?
?[1;31m
Start test 12?[0m
Hibernate: select recipe0_.id as id1_0_0_, recipe0_.category as category2_0_0_, recipe0_.date as date3_0_0_, recipe0_.description as descript4_0_0_, recipe0_.name as name5_0_0_ from recipe recipe0_ where recipe0_.id=?
?[1;31m
Start test 13?[0m
Hibernate: select recipe0_.id as id1_0_0_, recipe0_.category as category2_0_0_, recipe0_.date as date3_0_0_, recipe0_.description as descript4_0_0_, recipe0_.name as name5_0_0_ from recipe recipe0_ where recipe0_.id=?
?[1;31m
Start test 14?[0m
Hibernate: insert into recipe (id, category, date, description, name) values (null, ?, ?, ?, ?)
Hibernate: insert into recipe_directions (recipe_id, directions) values (?, ?)
Hibernate: insert into recipe_directions (recipe_id, directions) values (?, ?)
Hibernate: insert into recipe_ingredients (recipe_id, ingredients) values (?, ?)
Hibernate: insert into recipe_ingredients (recipe_id, ingredients) values (?, ?)
Hibernate: insert into recipe_ingredients (recipe_id, ingredients) values (?, ?)
?[1;31m
Start test 15?[0m
Hibernate: insert into recipe (id, category, date, description, name) values (null, ?, ?, ?, ?)
Hibernate: insert into recipe_directions (recipe_id, directions) values (?, ?)
Hibernate: insert into recipe_directions (recipe_id, directions) values (?, ?)
Hibernate: insert into recipe_directions (recipe_id, directions) values (?, ?)
Hibernate: insert into recipe_ingredients (recipe_id, ingredients) values (?, ?)
Hibernate: insert into recipe_ingredients (recipe_id, ingredients) values (?, ?)
Hibernate: insert into recipe_ingredients (recipe_id, ingredients) values (?, ?)
?[1;31m
Start test 16?[0m
Hibernate: insert into recipe (id, category, date, description, name) values (null, ?, ?, ?, ?)
Hibernate: insert into recipe_directions (recipe_id, directions) values (?, ?)
Hibernate: insert into recipe_directions (recipe_id, directions) values (?, ?)
Hibernate: insert into recipe_directions (recipe_id, directions) values (?, ?)
Hibernate: insert into recipe_ingredients (recipe_id, ingredients) values (?, ?)
Hibernate: insert into recipe_ingredients (recipe_id, ingredients) values (?, ?)
Hibernate: insert into recipe_ingredients (recipe_id, ingredients) values (?, ?)
?[1;31m
Start test 17?[0m
Hibernate: insert into recipe (id, category, date, description, name) values (null, ?, ?, ?, ?)
Hibernate: insert into recipe_directions (recipe_id, directions) values (?, ?)
Hibernate: insert into recipe_directions (recipe_id, directions) values (?, ?)
Hibernate: insert into recipe_ingredients (recipe_id, ingredients) values (?, ?)
Hibernate: insert into recipe_ingredients (recipe_id, ingredients) values (?, ?)
Hibernate: insert into recipe_ingredients (recipe_id, ingredients) values (?, ?)
?[1;31m
Start test 18?[0m
Hibernate: insert into recipe (id, category, date, description, name) values (null, ?, ?, ?, ?)
Hibernate: insert into recipe_directions (recipe_id, directions) values (?, ?)
Hibernate: insert into recipe_directions (recipe_id, directions) values (?, ?)
Hibernate: insert into recipe_directions (recipe_id, directions) values (?, ?)
Hibernate: insert into recipe_ingredients (recipe_id, ingredients) values (?, ?)
Hibernate: insert into recipe_ingredients (recipe_id, ingredients) values (?, ?)
Hibernate: insert into recipe_ingredients (recipe_id, ingredients) values (?, ?)
?[1;31m
Start test 19?[0m
Hibernate: insert into recipe (id, category, date, description, name) values (null, ?, ?, ?, ?)
Hibernate: insert into recipe_directions (recipe_id, directions) values (?, ?)
Hibernate: insert into recipe_directions (recipe_id, directions) values (?, ?)
Hibernate: insert into recipe_directions (recipe_id, directions) values (?, ?)
Hibernate: insert into recipe_ingredients (recipe_id, ingredients) values (?, ?)
Hibernate: insert into recipe_ingredients (recipe_id, ingredients) values (?, ?)
?[1;31m
Start test 20?[0m
Hibernate: insert into recipe (id, category, date, description, name) values (null, ?, ?, ?, ?)
Hibernate: insert into recipe_directions (recipe_id, directions) values (?, ?)
Hibernate: insert into recipe_directions (recipe_id, directions) values (?, ?)
Hibernate: insert into recipe_directions (recipe_id, directions) values (?, ?)
Hibernate: insert into recipe_ingredients (recipe_id, ingredients) values (?, ?)
Hibernate: insert into recipe_ingredients (recipe_id, ingredients) values (?, ?)
Hibernate: insert into recipe_ingredients (recipe_id, ingredients) values (?, ?)
?[1;31m
Start test 21?[0m
Hibernate: insert into recipe (id, category, date, description, name) values (null, ?, ?, ?, ?)
Hibernate: insert into recipe_directions (recipe_id, directions) values (?, ?)
Hibernate: insert into recipe_directions (recipe_id, directions) values (?, ?)
Hibernate: insert into recipe_ingredients (recipe_id, ingredients) values (?, ?)
Hibernate: insert into recipe_ingredients (recipe_id, ingredients) values (?, ?)
Hibernate: insert into recipe_ingredients (recipe_id, ingredients) values (?, ?)
?[1;31m
Start test 22?[0m
Hibernate: insert into recipe (id, category, date, description, name) values (null, ?, ?, ?, ?)
Hibernate: insert into recipe_directions (recipe_id, directions) values (?, ?)
Hibernate: insert into recipe_directions (recipe_id, directions) values (?, ?)
Hibernate: insert into recipe_directions (recipe_id, directions) values (?, ?)
Hibernate: insert into recipe_ingredients (recipe_id, ingredients) values (?, ?)
Hibernate: insert into recipe_ingredients (recipe_id, ingredients) values (?, ?)
?[1;31m
Start test 23?[0m
Hibernate: insert into recipe (id, category, date, description, name) values (null, ?, ?, ?, ?)
Hibernate: insert into recipe_directions (recipe_id, directions) values (?, ?)
Hibernate: insert into recipe_directions (recipe_id, directions) values (?, ?)
Hibernate: insert into recipe_ingredients (recipe_id, ingredients) values (?, ?)
Hibernate: insert into recipe_ingredients (recipe_id, ingredients) values (?, ?)
Hibernate: insert into recipe_ingredients (recipe_id, ingredients) values (?, ?)
?[1;31m
Start test 24?[0m
Hibernate: insert into recipe (id, category, date, description, name) values (null, ?, ?, ?, ?)
Hibernate: insert into recipe_directions (recipe_id, directions) values (?, ?)
Hibernate: insert into recipe_directions (recipe_id, directions) values (?, ?)
Hibernate: insert into recipe_directions (recipe_id, directions) values (?, ?)
Hibernate: insert into recipe_ingredients (recipe_id, ingredients) values (?, ?)
Hibernate: insert into recipe_ingredients (recipe_id, ingredients) values (?, ?)
?[1;31m
Start test 25?[0m
Hibernate: insert into recipe (id, category, date, description, name) values (null, ?, ?, ?, ?)
Hibernate: insert into recipe_directions (recipe_id, directions) values (?, ?)
Hibernate: insert into recipe_directions (recipe_id, directions) values (?, ?)
Hibernate: insert into recipe_directions (recipe_id, directions) values (?, ?)
Hibernate: insert into recipe_ingredients (recipe_id, ingredients) values (?, ?)
Hibernate: insert into recipe_ingredients (recipe_id, ingredients) values (?, ?)
?[1;31m
Start test 26?[0m
Hibernate: insert into recipe (id, category, date, description, name) values (null, ?, ?, ?, ?)
Hibernate: insert into recipe_directions (recipe_id, directions) values (?, ?)
Hibernate: insert into recipe_directions (recipe_id, directions) values (?, ?)
Hibernate: insert into recipe_ingredients (recipe_id, ingredients) values (?, ?)
Hibernate: insert into recipe_ingredients (recipe_id, ingredients) values (?, ?)
Hibernate: insert into recipe_ingredients (recipe_id, ingredients) values (?, ?)
?[1;31m
Start test 27?[0m
Hibernate: select recipe0_.id as id1_0_, recipe0_.category as category2_0_, recipe0_.date as date3_0_, recipe0_.description as descript4_0_, recipe0_.name as name5_0_ from recipe recipe0_ where upper(recipe0_.category)=upper(?) order by recipe0_.date desc
Hibernate: select ingredient0_.recipe_id as recipe_i1_2_0_, ingredient0_.ingredients as ingredie2_2_0_ from recipe_ingredients ingredient0_ where ingredient0_.recipe_id=?
Hibernate: select directions0_.recipe_id as recipe_i1_1_0_, directions0_.directions as directio2_1_0_ from recipe_directions directions0_ where directions0_.recipe_id=?
Hibernate: select ingredient0_.recipe_id as recipe_i1_2_0_, ingredient0_.ingredients as ingredie2_2_0_ from recipe_ingredients ingredient0_ where ingredient0_.recipe_id=?
Hibernate: select directions0_.recipe_id as recipe_i1_1_0_, directions0_.directions as directio2_1_0_ from recipe_directions directions0_ where directions0_.recipe_id=?
Hibernate: select ingredient0_.recipe_id as recipe_i1_2_0_, ingredient0_.ingredients as ingredie2_2_0_ from recipe_ingredients ingredient0_ where ingredient0_.recipe_id=?
Hibernate: select directions0_.recipe_id as recipe_i1_1_0_, directions0_.directions as directio2_1_0_ from recipe_directions directions0_ where directions0_.recipe_id=?
Hibernate: select ingredient0_.recipe_id as recipe_i1_2_0_, ingredient0_.ingredients as ingredie2_2_0_ from recipe_ingredients ingredient0_ where ingredient0_.recipe_id=?
Hibernate: select directions0_.recipe_id as recipe_i1_1_0_, directions0_.directions as directio2_1_0_ from recipe_directions directions0_ where directions0_.recipe_id=?
Hibernate: select ingredient0_.recipe_id as recipe_i1_2_0_, ingredient0_.ingredients as ingredie2_2_0_ from recipe_ingredients ingredient0_ where ingredient0_.recipe_id=?
Hibernate: select directions0_.recipe_id as recipe_i1_1_0_, directions0_.directions as directio2_1_0_ from recipe_directions directions0_ where directions0_.recipe_id=?
Hibernate: select ingredient0_.recipe_id as recipe_i1_2_0_, ingredient0_.ingredients as ingredie2_2_0_ from recipe_ingredients ingredient0_ where ingredient0_.recipe_id=?
Hibernate: select directions0_.recipe_id as recipe_i1_1_0_, directions0_.directions as directio2_1_0_ from recipe_directions directions0_ where directions0_.recipe_id=?
Hibernate: select ingredient0_.recipe_id as recipe_i1_2_0_, ingredient0_.ingredients as ingredie2_2_0_ from recipe_ingredients ingredient0_ where ingredient0_.recipe_id=?
Hibernate: select directions0_.recipe_id as recipe_i1_1_0_, directions0_.directions as directio2_1_0_ from recipe_directions directions0_ where directions0_.recipe_id=?
?[1;31m
Start test 28?[0m
Hibernate: select recipe0_.id as id1_0_, recipe0_.category as category2_0_, recipe0_.date as date3_0_, recipe0_.description as descript4_0_, recipe0_.name as name5_0_ from recipe recipe0_ where upper(recipe0_.name) like upper(?) escape ? order by recipe0_.date desc
Hibernate: select ingredient0_.recipe_id as recipe_i1_2_0_, ingredient0_.ingredients as ingredie2_2_0_ from recipe_ingredients ingredient0_ where ingredient0_.recipe_id=?
Hibernate: select directions0_.recipe_id as recipe_i1_1_0_, directions0_.directions as directio2_1_0_ from recipe_directions directions0_ where directions0_.recipe_id=?
Hibernate: select ingredient0_.recipe_id as recipe_i1_2_0_, ingredient0_.ingredients as ingredie2_2_0_ from recipe_ingredients ingredient0_ where ingredient0_.recipe_id=?
Hibernate: select directions0_.recipe_id as recipe_i1_1_0_, directions0_.directions as directio2_1_0_ from recipe_directions directions0_ where directions0_.recipe_id=?
Hibernate: select ingredient0_.recipe_id as recipe_i1_2_0_, ingredient0_.ingredients as ingredie2_2_0_ from recipe_ingredients ingredient0_ where ingredient0_.recipe_id=?
Hibernate: select directions0_.recipe_id as recipe_i1_1_0_, directions0_.directions as directio2_1_0_ from recipe_directions directions0_ where directions0_.recipe_id=?
Hibernate: select ingredient0_.recipe_id as recipe_i1_2_0_, ingredient0_.ingredients as ingredie2_2_0_ from recipe_ingredients ingredient0_ where ingredient0_.recipe_id=?
Hibernate: select directions0_.recipe_id as recipe_i1_1_0_, directions0_.directions as directio2_1_0_ from recipe_directions directions0_ where directions0_.recipe_id=?
Hibernate: select ingredient0_.recipe_id as recipe_i1_2_0_, ingredient0_.ingredients as ingredie2_2_0_ from recipe_ingredients ingredient0_ where ingredient0_.recipe_id=?
Hibernate: select directions0_.recipe_id as recipe_i1_1_0_, directions0_.directions as directio2_1_0_ from recipe_directions directions0_ where directions0_.recipe_id=?
Hibernate: select ingredient0_.recipe_id as recipe_i1_2_0_, ingredient0_.ingredients as ingredie2_2_0_ from recipe_ingredients ingredient0_ where ingredient0_.recipe_id=?
Hibernate: select directions0_.recipe_id as recipe_i1_1_0_, directions0_.directions as directio2_1_0_ from recipe_directions directions0_ where directions0_.recipe_id=?
?[1;31m
Start test 29?[0m
Hibernate: select recipe0_.id as id1_0_, recipe0_.category as category2_0_, recipe0_.date as date3_0_, recipe0_.description as descript4_0_, recipe0_.name as name5_0_ from recipe recipe0_ where upper(recipe0_.category)=upper(?) order by recipe0_.date desc
?[1;31m
Start test 30?[0m
Hibernate: select recipe0_.id as id1_0_, recipe0_.category as category2_0_, recipe0_.date as date3_0_, recipe0_.description as descript4_0_, recipe0_.name as name5_0_ from recipe recipe0_ where upper(recipe0_.name) like upper(?) escape ? order by recipe0_.date desc
?[1;31m
Start test 31?[0m
2022-06-23 09:42:37.926  WARN 21200 --- [io-8881-exec-10] .w.s.m.s.DefaultHandlerExceptionResolver : Resolved [org.springframework.web.method.annotation.MethodArgumentTypeMismatchException: Failed to convert value of type 'java.lang.String' to required type 'java.lang.Long'; nested exception is java.lang.NumberFormatException: For input string: "search"]
?[1;31m
Start test 32?[0m
2022-06-23 09:42:37.937  WARN 21200 --- [nio-8881-exec-1] .w.s.m.s.DefaultHandlerExceptionResolver : Resolved [org.springframework.web.method.annotation.MethodArgumentTypeMismatchException: Failed to convert value of type 'java.lang.String' to required type 'java.lang.Long'; nested exception is java.lang.NumberFormatException: For input string: "search"]
?[1;31m
Start test 33?[0m
2022-06-23 09:42:37.948  WARN 21200 --- [nio-8881-exec-2] .w.s.m.s.DefaultHandlerExceptionResolver : Resolved [org.springframework.web.method.annotation.MethodArgumentTypeMismatchException: Failed to convert value of type 'java.lang.String' to required type 'java.lang.Long'; nested exception is java.lang.NumberFormatException: For input string: "search"]
?[1;31m
Start test 34?[0m
2022-06-23 09:42:37.958  WARN 21200 --- [nio-8881-exec-3] .w.s.m.s.DefaultHandlerExceptionResolver : Resolved [org.springframework.web.method.annotation.MethodArgumentTypeMismatchException: Failed to convert value of type 'java.lang.String' to required type 'java.lang.Long'; nested exception is java.lang.NumberFormatException: For input string: "search"]
?[1;31m
Start test 35?[0m
2022-06-23 09:42:38.010  WARN 21200 --- [nio-8881-exec-4] .w.s.m.s.DefaultHandlerExceptionResolver : Resolved [org.springframework.web.bind.MethodArgumentNotValidException: Validation failed for argument [0] in public java.util.Map<java.lang.String, java.lang.Long> recipes.controller.RecipeController.saveRecipe(recipes.entity.Recipe): [Field error in object 'recipe' on field 'name': rejected value [null]; codes [NotBlank.recipe.name,NotBlank.name,NotBlank.java.lang.String,NotBlank]; arguments [org.springframework.context.support.DefaultMessageSourceResolvable: codes [recipe.name,name]; arguments []; default message [name]]; default message [must not be blank]] ]
?[1;31m
Start test 36?[0m
2022-06-23 09:42:38.025  WARN 21200 --- [nio-8881-exec-9] .w.s.m.s.DefaultHandlerExceptionResolver : Resolved [org.springframework.web.bind.MethodArgumentNotValidException: Validation failed for argument [0] in public java.util.Map<java.lang.String, java.lang.Long> recipes.controller.RecipeController.saveRecipe(recipes.entity.Recipe): [Field error in object 'recipe' on field 'category': rejected value [null]; codes [NotBlank.recipe.category,NotBlank.category,NotBlank.java.lang.String,NotBlank]; arguments [org.springframework.context.support.DefaultMessageSourceResolvable: codes [recipe.category,category]; arguments []; default message [category]]; default message [must not be blank]] ]
?[1;31m
Start test 37?[0m
2022-06-23 09:42:38.037  WARN 21200 --- [nio-8881-exec-6] .w.s.m.s.DefaultHandlerExceptionResolver : Resolved [org.springframework.web.bind.MethodArgumentNotValidException: Validation failed for argument [0] in public java.util.Map<java.lang.String, java.lang.Long> recipes.controller.RecipeController.saveRecipe(recipes.entity.Recipe): [Field error in object 'recipe' on field 'description': rejected value [null]; codes [NotBlank.recipe.description,NotBlank.description,NotBlank.java.lang.String,NotBlank]; arguments [org.springframework.context.support.DefaultMessageSourceResolvable: codes [recipe.description,description]; arguments []; default message [description]]; default message [must not be blank]] ]
?[1;31m
Start test 38?[0m
2022-06-23 09:42:38.049  WARN 21200 --- [nio-8881-exec-7] .w.s.m.s.DefaultHandlerExceptionResolver : Resolved [org.springframework.web.bind.MethodArgumentNotValidException: Validation failed for argument [0] in public java.util.Map<java.lang.String, java.lang.Long> recipes.controller.RecipeController.saveRecipe(recipes.entity.Recipe): [Field error in object 'recipe' on field 'ingredients': rejected value [null]; codes [NotNull.recipe.ingredients,NotNull.ingredients,NotNull.java.util.List,NotNull]; arguments [org.springframework.context.support.DefaultMessageSourceResolvable: codes [recipe.ingredients,ingredients]; arguments []; default message [ingredients]]; default message [must not be null]] ]
?[1;31m
Start test 39?[0m
2022-06-23 09:42:38.061  WARN 21200 --- [nio-8881-exec-8] .w.s.m.s.DefaultHandlerExceptionResolver : Resolved [org.springframework.web.bind.MethodArgumentNotValidException: Validation failed for argument [0] in public java.util.Map<java.lang.String, java.lang.Long> recipes.controller.RecipeController.saveRecipe(recipes.entity.Recipe): [Field error in object 'recipe' on field 'directions': rejected value [null]; codes [NotNull.recipe.directions,NotNull.directions,NotNull.java.util.List,NotNull]; arguments [org.springframework.context.support.DefaultMessageSourceResolvable: codes [recipe.directions,directions]; arguments []; default message [directions]]; default message [must not be null]] ]
?[1;31m
Start test 40?[0m
2022-06-23 09:42:38.072  WARN 21200 --- [nio-8881-exec-5] .w.s.m.s.DefaultHandlerExceptionResolver : Resolved [org.springframework.web.bind.MethodArgumentNotValidException: Validation failed for argument [0] in public java.util.Map<java.lang.String, java.lang.Long> recipes.controller.RecipeController.saveRecipe(recipes.entity.Recipe): [Field error in object 'recipe' on field 'name': rejected value [  ]; codes [NotBlank.recipe.name,NotBlank.name,NotBlank.java.lang.String,NotBlank]; arguments [org.springframework.context.support.DefaultMessageSourceResolvable: codes [recipe.name,name]; arguments []; default message [name]]; default message [must not be blank]] ]
?[1;31m
Start test 41?[0m
2022-06-23 09:42:38.082  WARN 21200 --- [io-8881-exec-10] .w.s.m.s.DefaultHandlerExceptionResolver : Resolved [org.springframework.web.bind.MethodArgumentNotValidException: Validation failed for argument [0] in public java.util.Map<java.lang.String, java.lang.Long> recipes.controller.RecipeController.saveRecipe(recipes.entity.Recipe): [Field error in object 'recipe' on field 'category': rejected value [  ]; codes [NotBlank.recipe.category,NotBlank.category,NotBlank.java.lang.String,NotBlank]; arguments [org.springframework.context.support.DefaultMessageSourceResolvable: codes [recipe.category,category]; arguments []; default message [category]]; default message [must not be blank]] ]
?[1;31m
Start test 42?[0m
2022-06-23 09:42:38.092  WARN 21200 --- [nio-8881-exec-1] .w.s.m.s.DefaultHandlerExceptionResolver : Resolved [org.springframework.web.bind.MethodArgumentNotValidException: Validation failed for argument [0] in public java.util.Map<java.lang.String, java.lang.Long> recipes.controller.RecipeController.saveRecipe(recipes.entity.Recipe): [Field error in object 'recipe' on field 'description': rejected value [  ]; codes [NotBlank.recipe.description,NotBlank.description,NotBlank.java.lang.String,NotBlank]; arguments [org.springframework.context.support.DefaultMessageSourceResolvable: codes [recipe.description,description]; arguments []; default message [description]]; default message [must not be blank]] ]
?[1;31m
Start test 43?[0m
2022-06-23 09:42:38.105  WARN 21200 --- [nio-8881-exec-2] .w.s.m.s.DefaultHandlerExceptionResolver : Resolved [org.springframework.web.bind.MethodArgumentNotValidException: Validation failed for argument [0] in public java.util.Map<java.lang.String, java.lang.Long> recipes.controller.RecipeController.saveRecipe(recipes.entity.Recipe): [Field error in object 'recipe' on field 'ingredients': rejected value [[]]; codes [Size.recipe.ingredients,Size.ingredients,Size.java.util.List,Size]; arguments [org.springframework.context.support.DefaultMessageSourceResolvable: codes [recipe.ingredients,ingredients]; arguments []; default message [ingredients],2147483647,1]; default message [size must be between 1 and 2147483647]] ]
?[1;31m
Start test 44?[0m
2022-06-23 09:42:38.117  WARN 21200 --- [nio-8881-exec-3] .w.s.m.s.DefaultHandlerExceptionResolver : Resolved [org.springframework.web.bind.MethodArgumentNotValidException: Validation failed for argument [0] in public java.util.Map<java.lang.String, java.lang.Long> recipes.controller.RecipeController.saveRecipe(recipes.entity.Recipe): [Field error in object 'recipe' on field 'directions': rejected value [[]]; codes [Size.recipe.directions,Size.directions,Size.java.util.List,Size]; arguments [org.springframework.context.support.DefaultMessageSourceResolvable: codes [recipe.directions,directions]; arguments []; default message [directions],2147483647,1]; default message [size must be between 1 and 2147483647]] ]
?[1;31m
Start test 45?[0m
2022-06-23 09:42:38.127  WARN 21200 --- [io-8881-exec-11] .w.s.m.s.DefaultHandlerExceptionResolver : Resolved [org.springframework.web.bind.MethodArgumentNotValidException: Validation failed for argument [1] in public recipes.entity.Recipe recipes.controller.RecipeController.updateRecipe(java.lang.Long,recipes.entity.Recipe): [Field error in object 'recipe' on field 'name': rejected value [null]; codes [NotBlank.recipe.name,NotBlank.name,NotBlank.java.lang.String,NotBlank]; arguments [org.springframework.context.support.DefaultMessageSourceResolvable: codes [recipe.name,name]; arguments []; default message [name]]; default message [must not be blank]] ]
?[1;31m
Start test 46?[0m
2022-06-23 09:42:38.142  WARN 21200 --- [io-8881-exec-12] .w.s.m.s.DefaultHandlerExceptionResolver : Resolved [org.springframework.web.bind.MethodArgumentNotValidException: Validation failed for argument [1] in public recipes.entity.Recipe recipes.controller.RecipeController.updateRecipe(java.lang.Long,recipes.entity.Recipe): [Field error in object 'recipe' on field 'category': rejected value [null]; codes [NotBlank.recipe.category,NotBlank.category,NotBlank.java.lang.String,NotBlank]; arguments [org.springframework.context.support.DefaultMessageSourceResolvable: codes [recipe.category,category]; arguments []; default message [category]]; default message [must not be blank]] ]
?[1;31m
Start test 47?[0m
2022-06-23 09:42:38.153  WARN 21200 --- [io-8881-exec-13] .w.s.m.s.DefaultHandlerExceptionResolver : Resolved [org.springframework.web.bind.MethodArgumentNotValidException: Validation failed for argument [1] in public recipes.entity.Recipe recipes.controller.RecipeController.updateRecipe(java.lang.Long,recipes.entity.Recipe): [Field error in object 'recipe' on field 'description': rejected value [null]; codes [NotBlank.recipe.description,NotBlank.description,NotBlank.java.lang.String,NotBlank]; arguments [org.springframework.context.support.DefaultMessageSourceResolvable: codes [recipe.description,description]; arguments []; default message [description]]; default message [must not be blank]] ]
?[1;31m
Start test 48?[0m
2022-06-23 09:42:38.163  WARN 21200 --- [io-8881-exec-14] .w.s.m.s.DefaultHandlerExceptionResolver : Resolved [org.springframework.web.bind.MethodArgumentNotValidException: Validation failed for argument [1] in public recipes.entity.Recipe recipes.controller.RecipeController.updateRecipe(java.lang.Long,recipes.entity.Recipe): [Field error in object 'recipe' on field 'ingredients': rejected value [null]; codes [NotNull.recipe.ingredients,NotNull.ingredients,NotNull.java.util.List,NotNull]; arguments [org.springframework.context.support.DefaultMessageSourceResolvable: codes [recipe.ingredients,ingredients]; arguments []; default message [ingredients]]; default message [must not be null]] ]
?[1;31m
Start test 49?[0m
2022-06-23 09:42:38.177  WARN 21200 --- [io-8881-exec-15] .w.s.m.s.DefaultHandlerExceptionResolver : Resolved [org.springframework.web.bind.MethodArgumentNotValidException: Validation failed for argument [1] in public recipes.entity.Recipe recipes.controller.RecipeController.updateRecipe(java.lang.Long,recipes.entity.Recipe): [Field error in object 'recipe' on field 'directions': rejected value [null]; codes [NotNull.recipe.directions,NotNull.directions,NotNull.java.util.List,NotNull]; arguments [org.springframework.context.support.DefaultMessageSourceResolvable: codes [recipe.directions,directions]; arguments []; default message [directions]]; default message [must not be null]] ]
?[1;31m
Start test 50?[0m
2022-06-23 09:42:38.189  WARN 21200 --- [io-8881-exec-16] .w.s.m.s.DefaultHandlerExceptionResolver : Resolved [org.springframework.web.bind.MethodArgumentNotValidException: Validation failed for argument [1] in public recipes.entity.Recipe recipes.controller.RecipeController.updateRecipe(java.lang.Long,recipes.entity.Recipe): [Field error in object 'recipe' on field 'name': rejected value [  ]; codes [NotBlank.recipe.name,NotBlank.name,NotBlank.java.lang.String,NotBlank]; arguments [org.springframework.context.support.DefaultMessageSourceResolvable: codes [recipe.name,name]; arguments []; default message [name]]; default message [must not be blank]] ]
?[1;31m
Start test 51?[0m
2022-06-23 09:42:38.201  WARN 21200 --- [io-8881-exec-17] .w.s.m.s.DefaultHandlerExceptionResolver : Resolved [org.springframework.web.bind.MethodArgumentNotValidException: Validation failed for argument [1] in public recipes.entity.Recipe recipes.controller.RecipeController.updateRecipe(java.lang.Long,recipes.entity.Recipe): [Field error in object 'recipe' on field 'category': rejected value [  ]; codes [NotBlank.recipe.category,NotBlank.category,NotBlank.java.lang.String,NotBlank]; arguments [org.springframework.context.support.DefaultMessageSourceResolvable: codes [recipe.category,category]; arguments []; default message [category]]; default message [must not be blank]] ]
?[1;31m
Start test 52?[0m
2022-06-23 09:42:38.211  WARN 21200 --- [io-8881-exec-18] .w.s.m.s.DefaultHandlerExceptionResolver : Resolved [org.springframework.web.bind.MethodArgumentNotValidException: Validation failed for argument [1] in public recipes.entity.Recipe recipes.controller.RecipeController.updateRecipe(java.lang.Long,recipes.entity.Recipe): [Field error in object 'recipe' on field 'description': rejected value [  ]; codes [NotBlank.recipe.description,NotBlank.description,NotBlank.java.lang.String,NotBlank]; arguments [org.springframework.context.support.DefaultMessageSourceResolvable: codes [recipe.description,description]; arguments []; default message [description]]; default message [must not be blank]] ]
?[1;31m
Start test 53?[0m
2022-06-23 09:42:38.225  WARN 21200 --- [io-8881-exec-19] .w.s.m.s.DefaultHandlerExceptionResolver : Resolved [org.springframework.web.bind.MethodArgumentNotValidException: Validation failed for argument [1] in public recipes.entity.Recipe recipes.controller.RecipeController.updateRecipe(java.lang.Long,recipes.entity.Recipe): [Field error in object 'recipe' on field 'ingredients': rejected value [[]]; codes [Size.recipe.ingredients,Size.ingredients,Size.java.util.List,Size]; arguments [org.springframework.context.support.DefaultMessageSourceResolvable: codes [recipe.ingredients,ingredients]; arguments []; default message [ingredients],2147483647,1]; default message [size must be between 1 and 2147483647]] ]
?[1;31m
Start test 54?[0m
2022-06-23 09:42:38.235  WARN 21200 --- [io-8881-exec-20] .w.s.m.s.DefaultHandlerExceptionResolver : Resolved [org.springframework.web.bind.MethodArgumentNotValidException: Validation failed for argument [1] in public recipes.entity.Recipe recipes.controller.RecipeController.updateRecipe(java.lang.Long,recipes.entity.Recipe): [Field error in object 'recipe' on field 'directions': rejected value [[]]; codes [Size.recipe.directions,Size.directions,Size.java.util.List,Size]; arguments [org.springframework.context.support.DefaultMessageSourceResolvable: codes [recipe.directions,directions]; arguments []; default message [directions],2147483647,1]; default message [size must be between 1 and 2147483647]] ]
]]></system-out>
  <system-err><![CDATA[]]></system-err>
</testsuite>
